[0;32m[20220120 14:53:13] [Info] 1.ä½¿ç”¨è„šæœ¬è‡ªåŠ¨å®‰è£…docker...[0m
# Executing docker install script, commit: 93d2499759296ac1f9c510605fef85052a2c32be
Delta RPMs disabled because /usr/bin/applydeltarpm not installed.
å·²åŠ è½½æ’ä»¶ï¼šfastestmirror
adding repo from: https://download.docker.com/linux/centos/docker-ce.repo
grabbing file https://download.docker.com/linux/centos/docker-ce.repo to /etc/yum.repos.d/docker-ce.repo
repo saved to /etc/yum.repos.d/docker-ce.repo
å·²åŠ è½½æ’ä»¶ï¼šfastestmirror
Loading mirror speeds from cached hostfile
 * base: mirrors.cqu.edu.cn
 * extras: mirrors.bupt.edu.cn
 * updates: mirrors.cqu.edu.cn
å…ƒæ•°æ®ç¼“å­˜å·²å»ºç«‹
containerd.io-1.4.12-3.1.el7.x86_64.rpm çš„å…¬é’¥å°šæœªå®‰è£…
setsebool:  SELinux is disabled.
è½¯ä»¶åŒ… docker-ce-rootless-extras-20.10.12-3.el7.x86_64 å·²å®‰è£…å¹¶ä¸”æ˜¯æœ€æ–°ç‰ˆæœ¬

================================================================================

To run Docker as a non-privileged user, consider setting up the
Docker daemon in rootless mode for your user:

    dockerd-rootless-setuptool.sh install

Visit https://docs.docker.com/go/rootless/ to learn about rootless mode.


To run the Docker daemon as a fully privileged service, but granting non-root
users access, refer to https://docs.docker.com/go/daemon-access/

WARNING: Access to the remote API on a privileged Docker daemon is equivalent
         to root access on the host. Refer to the 'Docker daemon attack surface'
         documentation for details: https://docs.docker.com/go/attack-surface/

================================================================================

[0;32m[20220120 14:53:13] [Info] 2.å¯åŠ¨ Docker CE...[0m
[0;32m[20220120 14:53:13] [Info] 3.æ·»åŠ é•œåƒåŠ é€Ÿå™¨...[0m
[0;32m[20220120 14:53:13] [Info] 4.é‡æ–°å¯åŠ¨æœåŠ¡...[0m
[0;32m[20220120 14:53:13] [Info] 5.æµ‹è¯• Docker æ˜¯å¦å®‰è£…æ­£ç¡®...[0m

Hello from Docker!
This message shows that your installation appears to be working correctly.

To generate this message, Docker took the following steps:
 1. The Docker client contacted the Docker daemon.
 2. The Docker daemon pulled the "hello-world" image from the Docker Hub.
    (amd64)
 3. The Docker daemon created a new container from that image which runs the
    executable that produces the output you are currently reading.
 4. The Docker daemon streamed that output to the Docker client, which sent it
    to your terminal.

To try something more ambitious, you can run an Ubuntu container with:
 $ docker run -it ubuntu bash

Share images, automate workflows, and more with a free Docker ID:
 https://hub.docker.com/

For more examples and ideas, visit:
 https://docs.docker.com/get-started/

[0;32m[20220120 14:53:13] [Info] 6.æ£€æµ‹...[0m
Client:
 Context:    default
 Debug Mode: false
 Plugins:
  app: Docker App (Docker Inc., v0.9.1-beta3)
  buildx: Docker Buildx (Docker Inc., v0.7.1-docker)
  scan: Docker Scan (Docker Inc., v0.12.0)

Server:
 Containers: 1
  Running: 0
  Paused: 0
  Stopped: 1
 Images: 1
 Server Version: 20.10.12
 Storage Driver: overlay2
  Backing Filesystem: xfs
  Supports d_type: true
  Native Overlay Diff: true
  userxattr: false
 Logging Driver: json-file
 Cgroup Driver: cgroupfs
 Cgroup Version: 1
 Plugins:
  Volume: local
  Network: bridge host ipvlan macvlan null overlay
  Log: awslogs fluentd gcplogs gelf journald json-file local logentries splunk syslog
 Swarm: inactive
 Runtimes: runc io.containerd.runc.v2 io.containerd.runtime.v1.linux
 Default Runtime: runc
 Init Binary: docker-init
 containerd version: 7b11cfaabd73bb80907dd23182b9347b4245eb5d
 runc version: v1.0.2-0-g52b36a2
 init version: de40ad0
 Security Options:
  seccomp
   Profile: default
 Kernel Version: 3.10.0-1160.el7.x86_64
 Operating System: CentOS Linux 7 (Core)
 OSType: linux
 Architecture: x86_64
 CPUs: 2
 Total Memory: 1.777GiB
 Name: titan2
 ID: KDAY:PIL5:TRVO:XH7H:EGBA:SF6B:AADI:XYPI:JND3:HKMZ:WMVE:6Z6Z
 Docker Root Dir: /var/lib/docker
 Debug Mode: false
 Registry: https://index.docker.io/v1/
 Labels:
 Experimental: false
 Insecure Registries:
  127.0.0.0/8
 Registry Mirrors:
  https://5ajk0rns.mirror.aliyuncs.com/
 Live Restore Enabled: false

[0;32m[20220120 14:53:13] [Info] 7.å®‰è£…docker-compose[0m
[0;32m[20220120 14:53:13] [Info] 8.éªŒè¯docker-composeæ˜¯å¦å®‰è£…æˆåŠŸ...[0m
docker-compose version 1.27.4, build 40524192
[0;32m[20220120 14:53:13] [Info] åˆå§‹åŒ–k8séƒ¨ç½²ç¯å¢ƒ...[0m
[0;32m[20220120 14:53:13] [Info] å…³é—­é˜²ç«å¢™[0m
[0;32m[20220120 14:53:13] [Info] å…³é—­selinux[0m
[0;32m[20220120 14:53:13] [Info] å…³é—­swapï¼ˆk8sç¦æ­¢è™šæ‹Ÿå†…å­˜ä»¥æé«˜æ€§èƒ½ï¼‰[0m
[0;32m[20220120 14:53:13] [Info] è®¾ç½®ç½‘æ¡¥å‚æ•°[0m
* Applying /usr/lib/sysctl.d/00-system.conf ...
net.bridge.bridge-nf-call-ip6tables = 0
net.bridge.bridge-nf-call-iptables = 0
net.bridge.bridge-nf-call-arptables = 0
* Applying /usr/lib/sysctl.d/10-default-yama-scope.conf ...
kernel.yama.ptrace_scope = 0
* Applying /usr/lib/sysctl.d/50-default.conf ...
kernel.sysrq = 16
kernel.core_uses_pid = 1
kernel.kptr_restrict = 1
net.ipv4.conf.default.rp_filter = 1
net.ipv4.conf.all.rp_filter = 1
net.ipv4.conf.default.accept_source_route = 0
net.ipv4.conf.all.accept_source_route = 0
net.ipv4.conf.default.promote_secondaries = 1
net.ipv4.conf.all.promote_secondaries = 1
fs.protected_hardlinks = 1
fs.protected_symlinks = 1
* Applying /etc/sysctl.d/99-sysctl.conf ...
* Applying /etc/sysctl.d/k8s.conf ...
net.bridge.bridge-nf-call-ip6tables = 1
net.bridge.bridge-nf-call-iptables = 1
* Applying /etc/sysctl.conf ...
net.ipv4.ip_forward = 1
[0;32m[20220120 14:53:13] [Info] æ—¶é—´åŒæ­¥[0m
å·²åŠ è½½æ’ä»¶ï¼šfastestmirror
Loading mirror speeds from cached hostfile
 * base: mirrors.cqu.edu.cn
 * extras: mirrors.bupt.edu.cn
 * updates: mirrors.cqu.edu.cn
æ­£åœ¨è§£å†³ä¾èµ–å…³ç³»
--> æ­£åœ¨æ£€æŸ¥äº‹åŠ¡
---> è½¯ä»¶åŒ… ntpdate.x86_64.0.4.2.6p5-29.el7.centos.2 å°†è¢« å®‰è£…
--> è§£å†³ä¾èµ–å…³ç³»å®Œæˆ

ä¾èµ–å…³ç³»è§£å†³

================================================================================
 Package        æ¶æ„          ç‰ˆæœ¬                            æº           å¤§å°
================================================================================
æ­£åœ¨å®‰è£…:
 ntpdate        x86_64        4.2.6p5-29.el7.centos.2         base         87 k

äº‹åŠ¡æ¦‚è¦
================================================================================
å®‰è£…  1 è½¯ä»¶åŒ…

æ€»ä¸‹è½½é‡ï¼š87 k
å®‰è£…å¤§å°ï¼š121 k
Downloading packages:
Running transaction check
Running transaction test
Transaction test succeeded
Running transaction
  æ­£åœ¨å®‰è£…    : ntpdate-4.2.6p5-29.el7.centos.2.x86_64                      1/1 
  éªŒè¯ä¸­      : ntpdate-4.2.6p5-29.el7.centos.2.x86_64                      1/1 

å·²å®‰è£…:
  ntpdate.x86_64 0:4.2.6p5-29.el7.centos.2                                      

å®Œæ¯•ï¼
20 Jan 14:55:35 ntpdate[8742]: adjust time server 20.189.79.72 offset -0.098344 sec
[0;32m[20220120 14:53:13] [Info] æ·»åŠ k8så®‰è£…æº...[0m
[0;32m[20220120 14:53:13] [Info] å®‰è£…kubelet kubeadmin kubectl...[0m
å·²åŠ è½½æ’ä»¶ï¼šfastestmirror
Loading mirror speeds from cached hostfile
 * base: mirrors.cqu.edu.cn
 * extras: mirrors.bupt.edu.cn
 * updates: mirrors.cqu.edu.cn
æ­£åœ¨è§£å†³ä¾èµ–å…³ç³»
--> æ­£åœ¨æ£€æŸ¥äº‹åŠ¡
---> è½¯ä»¶åŒ… kubeadm.x86_64.0.1.19.4-0 å°†è¢« å®‰è£…
--> æ­£åœ¨å¤„ç†ä¾èµ–å…³ç³» kubernetes-cni >= 0.8.6ï¼Œå®ƒè¢«è½¯ä»¶åŒ… kubeadm-1.19.4-0.x86_64 éœ€è¦
--> æ­£åœ¨å¤„ç†ä¾èµ–å…³ç³» cri-tools >= 1.13.0ï¼Œå®ƒè¢«è½¯ä»¶åŒ… kubeadm-1.19.4-0.x86_64 éœ€è¦
---> è½¯ä»¶åŒ… kubectl.x86_64.0.1.19.4-0 å°†è¢« å®‰è£…
---> è½¯ä»¶åŒ… kubelet.x86_64.0.1.19.4-0 å°†è¢« å®‰è£…
--> æ­£åœ¨å¤„ç†ä¾èµ–å…³ç³» socatï¼Œå®ƒè¢«è½¯ä»¶åŒ… kubelet-1.19.4-0.x86_64 éœ€è¦
--> æ­£åœ¨å¤„ç†ä¾èµ–å…³ç³» conntrackï¼Œå®ƒè¢«è½¯ä»¶åŒ… kubelet-1.19.4-0.x86_64 éœ€è¦
--> æ­£åœ¨æ£€æŸ¥äº‹åŠ¡
---> è½¯ä»¶åŒ… conntrack-tools.x86_64.0.1.4.4-7.el7 å°†è¢« å®‰è£…
--> æ­£åœ¨å¤„ç†ä¾èµ–å…³ç³» libnetfilter_cttimeout.so.1(LIBNETFILTER_CTTIMEOUT_1.1)(64bit)ï¼Œå®ƒè¢«è½¯ä»¶åŒ… conntrack-tools-1.4.4-7.el7.x86_64 éœ€è¦
--> æ­£åœ¨å¤„ç†ä¾èµ–å…³ç³» libnetfilter_cttimeout.so.1(LIBNETFILTER_CTTIMEOUT_1.0)(64bit)ï¼Œå®ƒè¢«è½¯ä»¶åŒ… conntrack-tools-1.4.4-7.el7.x86_64 éœ€è¦
--> æ­£åœ¨å¤„ç†ä¾èµ–å…³ç³» libnetfilter_cthelper.so.0(LIBNETFILTER_CTHELPER_1.0)(64bit)ï¼Œå®ƒè¢«è½¯ä»¶åŒ… conntrack-tools-1.4.4-7.el7.x86_64 éœ€è¦
--> æ­£åœ¨å¤„ç†ä¾èµ–å…³ç³» libnetfilter_queue.so.1()(64bit)ï¼Œå®ƒè¢«è½¯ä»¶åŒ… conntrack-tools-1.4.4-7.el7.x86_64 éœ€è¦
--> æ­£åœ¨å¤„ç†ä¾èµ–å…³ç³» libnetfilter_cttimeout.so.1()(64bit)ï¼Œå®ƒè¢«è½¯ä»¶åŒ… conntrack-tools-1.4.4-7.el7.x86_64 éœ€è¦
--> æ­£åœ¨å¤„ç†ä¾èµ–å…³ç³» libnetfilter_cthelper.so.0()(64bit)ï¼Œå®ƒè¢«è½¯ä»¶åŒ… conntrack-tools-1.4.4-7.el7.x86_64 éœ€è¦
---> è½¯ä»¶åŒ… cri-tools.x86_64.0.1.19.0-0 å°†è¢« å®‰è£…
---> è½¯ä»¶åŒ… kubernetes-cni.x86_64.0.0.8.7-0 å°†è¢« å®‰è£…
---> è½¯ä»¶åŒ… socat.x86_64.0.1.7.3.2-2.el7 å°†è¢« å®‰è£…
--> æ­£åœ¨æ£€æŸ¥äº‹åŠ¡
---> è½¯ä»¶åŒ… libnetfilter_cthelper.x86_64.0.1.0.0-11.el7 å°†è¢« å®‰è£…
---> è½¯ä»¶åŒ… libnetfilter_cttimeout.x86_64.0.1.0.0-7.el7 å°†è¢« å®‰è£…
---> è½¯ä»¶åŒ… libnetfilter_queue.x86_64.0.1.0.2-2.el7_2 å°†è¢« å®‰è£…
--> è§£å†³ä¾èµ–å…³ç³»å®Œæˆ

ä¾èµ–å…³ç³»è§£å†³

================================================================================
 Package                    æ¶æ„       ç‰ˆæœ¬                æº              å¤§å°
================================================================================
æ­£åœ¨å®‰è£…:
 kubeadm                    x86_64     1.19.4-0            kubernetes     8.3 M
 kubectl                    x86_64     1.19.4-0            kubernetes     9.0 M
 kubelet                    x86_64     1.19.4-0            kubernetes      19 M
ä¸ºä¾èµ–è€Œå®‰è£…:
 conntrack-tools            x86_64     1.4.4-7.el7         base           187 k
 cri-tools                  x86_64     1.19.0-0            kubernetes     5.7 M
 kubernetes-cni             x86_64     0.8.7-0             kubernetes      19 M
 libnetfilter_cthelper      x86_64     1.0.0-11.el7        base            18 k
 libnetfilter_cttimeout     x86_64     1.0.0-7.el7         base            18 k
 libnetfilter_queue         x86_64     1.0.2-2.el7_2       base            23 k
 socat                      x86_64     1.7.3.2-2.el7       base           290 k

äº‹åŠ¡æ¦‚è¦
================================================================================
å®‰è£…  3 è½¯ä»¶åŒ… (+7 ä¾èµ–è½¯ä»¶åŒ…)

æ€»ä¸‹è½½é‡ï¼š62 M
å®‰è£…å¤§å°ï¼š264 M
Downloading packages:
--------------------------------------------------------------------------------
æ€»è®¡                                               2.9 MB/s |  62 MB  00:21     
Running transaction check
Running transaction test
Transaction test succeeded
Running transaction
  æ­£åœ¨å®‰è£…    : libnetfilter_cthelper-1.0.0-11.el7.x86_64                  1/10 
  æ­£åœ¨å®‰è£…    : socat-1.7.3.2-2.el7.x86_64                                 2/10 
  æ­£åœ¨å®‰è£…    : libnetfilter_cttimeout-1.0.0-7.el7.x86_64                  3/10 
  æ­£åœ¨å®‰è£…    : kubectl-1.19.4-0.x86_64                                    4/10 
  æ­£åœ¨å®‰è£…    : libnetfilter_queue-1.0.2-2.el7_2.x86_64                    5/10 
  æ­£åœ¨å®‰è£…    : conntrack-tools-1.4.4-7.el7.x86_64                         6/10 
  æ­£åœ¨å®‰è£…    : kubernetes-cni-0.8.7-0.x86_64                              7/10 
  æ­£åœ¨å®‰è£…    : kubelet-1.19.4-0.x86_64                                    8/10 
  æ­£åœ¨å®‰è£…    : cri-tools-1.19.0-0.x86_64                                  9/10 
  æ­£åœ¨å®‰è£…    : kubeadm-1.19.4-0.x86_64                                   10/10 
  éªŒè¯ä¸­      : cri-tools-1.19.0-0.x86_64                                  1/10 
  éªŒè¯ä¸­      : kubelet-1.19.4-0.x86_64                                    2/10 
  éªŒè¯ä¸­      : conntrack-tools-1.4.4-7.el7.x86_64                         3/10 
  éªŒè¯ä¸­      : kubernetes-cni-0.8.7-0.x86_64                              4/10 
  éªŒè¯ä¸­      : libnetfilter_queue-1.0.2-2.el7_2.x86_64                    5/10 
  éªŒè¯ä¸­      : kubeadm-1.19.4-0.x86_64                                    6/10 
  éªŒè¯ä¸­      : kubectl-1.19.4-0.x86_64                                    7/10 
  éªŒè¯ä¸­      : libnetfilter_cttimeout-1.0.0-7.el7.x86_64                  8/10 
  éªŒè¯ä¸­      : socat-1.7.3.2-2.el7.x86_64                                 9/10 
  éªŒè¯ä¸­      : libnetfilter_cthelper-1.0.0-11.el7.x86_64                 10/10 

å·²å®‰è£…:
  kubeadm.x86_64 0:1.19.4-0 kubectl.x86_64 0:1.19.4-0 kubelet.x86_64 0:1.19.4-0

ä½œä¸ºä¾èµ–è¢«å®‰è£…:
  conntrack-tools.x86_64 0:1.4.4-7.el7                                          
  cri-tools.x86_64 0:1.19.0-0                                                   
  kubernetes-cni.x86_64 0:0.8.7-0                                               
  libnetfilter_cthelper.x86_64 0:1.0.0-11.el7                                   
  libnetfilter_cttimeout.x86_64 0:1.0.0-7.el7                                   
  libnetfilter_queue.x86_64 0:1.0.2-2.el7_2                                     
  socat.x86_64 0:1.7.3.2-2.el7                                                  

å®Œæ¯•ï¼
[0;32m[20220120 14:53:13] [Info] ç¡®è®¤kubelet kubeadmin kubectlæ˜¯å¦å®‰è£…æˆåŠŸ[0m
kubelet.x86_64                       1.19.4-0                       @kubernetes 
kubeadm.x86_64                       1.19.4-0                       @kubernetes 
kubectl.x86_64                       1.19.4-0                       @kubernetes 
Kubernetes v1.19.4
[0;32m[20220120 14:53:13] [Info] å®‰è£…kubernetes master...[0m
å·²åŠ è½½æ’ä»¶ï¼šfastestmirror
Loading mirror speeds from cached hostfile
 * base: mirrors.cqu.edu.cn
 * extras: mirrors.bupt.edu.cn
 * updates: mirrors.cqu.edu.cn
è½¯ä»¶åŒ… net-tools-2.0-0.25.20131004git.el7.x86_64 å·²å®‰è£…å¹¶ä¸”æ˜¯æœ€æ–°ç‰ˆæœ¬
æ— é¡»ä»»ä½•å¤„ç†
[init] Using Kubernetes version: v1.19.4
[preflight] Running pre-flight checks
[preflight] Pulling images required for setting up a Kubernetes cluster
[preflight] This might take a minute or two, depending on the speed of your internet connection
[preflight] You can also perform this action in beforehand using 'kubeadm config images pull'
[certs] Using certificateDir folder "/etc/kubernetes/pki"
[certs] Generating "ca" certificate and key
[certs] Generating "apiserver" certificate and key
[certs] apiserver serving cert is signed for DNS names [kubernetes kubernetes.default kubernetes.default.svc kubernetes.default.svc.cluster.local titan2] and IPs [10.96.0.1 192.168.55.129]
[certs] Generating "apiserver-kubelet-client" certificate and key
[certs] Generating "front-proxy-ca" certificate and key
[certs] Generating "front-proxy-client" certificate and key
[certs] Generating "etcd/ca" certificate and key
[certs] Generating "etcd/server" certificate and key
[certs] etcd/server serving cert is signed for DNS names [localhost titan2] and IPs [192.168.55.129 127.0.0.1 ::1]
[certs] Generating "etcd/peer" certificate and key
[certs] etcd/peer serving cert is signed for DNS names [localhost titan2] and IPs [192.168.55.129 127.0.0.1 ::1]
[certs] Generating "etcd/healthcheck-client" certificate and key
[certs] Generating "apiserver-etcd-client" certificate and key
[certs] Generating "sa" key and public key
[kubeconfig] Using kubeconfig folder "/etc/kubernetes"
[kubeconfig] Writing "admin.conf" kubeconfig file
[kubeconfig] Writing "kubelet.conf" kubeconfig file
[kubeconfig] Writing "controller-manager.conf" kubeconfig file
[kubeconfig] Writing "scheduler.conf" kubeconfig file
[kubelet-start] Writing kubelet environment file with flags to file "/var/lib/kubelet/kubeadm-flags.env"
[kubelet-start] Writing kubelet configuration to file "/var/lib/kubelet/config.yaml"
[kubelet-start] Starting the kubelet
[control-plane] Using manifest folder "/etc/kubernetes/manifests"
[control-plane] Creating static Pod manifest for "kube-apiserver"
[control-plane] Creating static Pod manifest for "kube-controller-manager"
[control-plane] Creating static Pod manifest for "kube-scheduler"
[etcd] Creating static Pod manifest for local etcd in "/etc/kubernetes/manifests"
[wait-control-plane] Waiting for the kubelet to boot up the control plane as static Pods from directory "/etc/kubernetes/manifests". This can take up to 4m0s
[apiclient] All control plane components are healthy after 17.003462 seconds
[upload-config] Storing the configuration used in ConfigMap "kubeadm-config" in the "kube-system" Namespace
[kubelet] Creating a ConfigMap "kubelet-config-1.19" in namespace kube-system with the configuration for the kubelets in the cluster
[upload-certs] Skipping phase. Please see --upload-certs
[mark-control-plane] Marking the node titan2 as control-plane by adding the label "node-role.kubernetes.io/master=''"
[mark-control-plane] Marking the node titan2 as control-plane by adding the taints [node-role.kubernetes.io/master:NoSchedule]
[bootstrap-token] Using token: um91m9.7ztrem6biilgcc1s
[bootstrap-token] Configuring bootstrap tokens, cluster-info ConfigMap, RBAC Roles
[bootstrap-token] configured RBAC rules to allow Node Bootstrap tokens to get nodes
[bootstrap-token] configured RBAC rules to allow Node Bootstrap tokens to post CSRs in order for nodes to get long term certificate credentials
[bootstrap-token] configured RBAC rules to allow the csrapprover controller automatically approve CSRs from a Node Bootstrap Token
[bootstrap-token] configured RBAC rules to allow certificate rotation for all node client certificates in the cluster
[bootstrap-token] Creating the "cluster-info" ConfigMap in the "kube-public" namespace
[kubelet-finalize] Updating "/etc/kubernetes/kubelet.conf" to point to a rotatable kubelet client certificate and key
[addons] Applied essential addon: CoreDNS
[addons] Applied essential addon: kube-proxy

Your Kubernetes control-plane has initialized successfully!

To start using your cluster, you need to run the following as a regular user:

  mkdir -p $HOME/.kube
  sudo cp -i /etc/kubernetes/admin.conf $HOME/.kube/config
  sudo chown $(id -u):$(id -g) $HOME/.kube/config

You should now deploy a pod network to the cluster.
Run "kubectl apply -f [podnetwork].yaml" with one of the options listed at:
  https://kubernetes.io/docs/concepts/cluster-administration/addons/

Then you can join any number of worker nodes by running the following on each as root:

kubeadm join 192.168.55.129:6443 --token um91m9.7ztrem6biilgcc1s \
    --discovery-token-ca-cert-hash sha256:d4cf3f5a2143e10a19d4d10c1396786021b2cb0c40d712bd9859628777c00007 
[0;32m[20220120 14:53:13] [Info] å®‰è£…ç½‘ç»œæ’ä»¶flannel...[0m
å·²åŠ è½½æ’ä»¶ï¼šfastestmirror
Loading mirror speeds from cached hostfile
 * base: mirrors.cqu.edu.cn
 * extras: mirrors.bupt.edu.cn
 * updates: mirrors.cqu.edu.cn
æ­£åœ¨è§£å†³ä¾èµ–å…³ç³»
--> æ­£åœ¨æ£€æŸ¥äº‹åŠ¡
---> è½¯ä»¶åŒ… wget.x86_64.0.1.14-18.el7_6.1 å°†è¢« å®‰è£…
--> è§£å†³ä¾èµ–å…³ç³»å®Œæˆ

ä¾èµ–å…³ç³»è§£å†³

================================================================================
 Package        æ¶æ„             ç‰ˆæœ¬                      æº              å¤§å°
================================================================================
æ­£åœ¨å®‰è£…:
 wget           x86_64           1.14-18.el7_6.1           base           547 k

äº‹åŠ¡æ¦‚è¦
================================================================================
å®‰è£…  1 è½¯ä»¶åŒ…

æ€»ä¸‹è½½é‡ï¼š547 k
å®‰è£…å¤§å°ï¼š2.0 M
Downloading packages:
Running transaction check
Running transaction test
Transaction test succeeded
Running transaction
  æ­£åœ¨å®‰è£…    : wget-1.14-18.el7_6.1.x86_64                                 1/1 
  éªŒè¯ä¸­      : wget-1.14-18.el7_6.1.x86_64                                 1/1 

å·²å®‰è£…:
  wget.x86_64 0:1.14-18.el7_6.1                                                 

å®Œæ¯•ï¼
podsecuritypolicy.policy/psp.flannel.unprivileged created
clusterrole.rbac.authorization.k8s.io/flannel created
clusterrolebinding.rbac.authorization.k8s.io/flannel created
serviceaccount/flannel created
configmap/kube-flannel-cfg created
daemonset.apps/kube-flannel-ds created
[0;32m[20220120 14:53:13] [Info] å»æ±¡ç‚¹...[0m
node/titan2 untainted
